# Logfile created on 2014-02-20 17:32:12 -0600 by logger.rb/44203
I, [2014-02-20T17:32:12.623514 #8640]  INFO -- : 0:  rake (10.1.1) from /home/daniel/.rvm/gems/ruby-2.1.0/specifications/rake-10.1.1.gemspec
I, [2014-02-20T17:32:12.624163 #8640]  INFO -- : 0:  timers (1.1.0) from /home/daniel/.rvm/gems/ruby-2.1.0/specifications/timers-1.1.0.gemspec
I, [2014-02-20T17:32:12.624663 #8640]  INFO -- : 0:  celluloid (0.15.2) from /home/daniel/.rvm/gems/ruby-2.1.0/specifications/celluloid-0.15.2.gemspec
I, [2014-02-20T17:32:12.625145 #8640]  INFO -- : 0:  nio4r (1.0.0) from /home/daniel/.rvm/rubies/ruby-2.1.0/lib/ruby/gems/2.1.0/specifications/nio4r-1.0.0.gemspec
I, [2014-02-20T17:32:12.625621 #8640]  INFO -- : 0:  celluloid-io (0.15.0) from /home/daniel/.rvm/rubies/ruby-2.1.0/lib/ruby/gems/2.1.0/specifications/celluloid-io-0.15.0.gemspec
I, [2014-02-20T17:32:12.626151 #8640]  INFO -- : 0:  multi_json (1.8.4) from /home/daniel/.rvm/rubies/ruby-2.1.0/lib/ruby/gems/2.1.0/specifications/multi_json-1.8.4.gemspec
I, [2014-02-20T17:32:12.626635 #8640]  INFO -- : 0:  coderay (1.1.0) from /home/daniel/.rvm/gems/ruby-2.1.0/specifications/coderay-1.1.0.gemspec
I, [2014-02-20T17:32:12.627120 #8640]  INFO -- : 0:  method_source (0.8.2) from /home/daniel/.rvm/gems/ruby-2.1.0/specifications/method_source-0.8.2.gemspec
I, [2014-02-20T17:32:12.627592 #8640]  INFO -- : 0:  slop (3.4.7) from /home/daniel/.rvm/gems/ruby-2.1.0/specifications/slop-3.4.7.gemspec
I, [2014-02-20T17:32:12.628075 #8640]  INFO -- : 0:  pry (0.9.12.6) from /home/daniel/.rvm/rubies/ruby-2.1.0/lib/ruby/gems/2.1.0/specifications/pry-0.9.12.6.gemspec
I, [2014-02-20T17:32:16.162373 #8640]  INFO -- : 0:  http_parser.rb (0.6.0) from /home/daniel/.rvm/rubies/ruby-2.1.0/lib/ruby/gems/2.1.0/specifications/http_parser.rb-0.6.0.gemspec
I, [2014-02-20T17:32:17.753350 #8640]  INFO -- : 0:  http (0.5.0) from /home/daniel/.rvm/rubies/ruby-2.1.0/lib/ruby/gems/2.1.0/specifications/http-0.5.0.gemspec
I, [2014-02-20T17:32:19.507618 #8640]  INFO -- : 0:  websocket_parser (0.1.6) from /home/daniel/.rvm/rubies/ruby-2.1.0/lib/ruby/gems/2.1.0/specifications/websocket_parser-0.1.6.gemspec
I, [2014-02-20T17:32:21.462566 #8640]  INFO -- : 0:  reel (0.4.0) from /home/daniel/.rvm/rubies/ruby-2.1.0/lib/ruby/gems/2.1.0/specifications/reel-0.4.0.gemspec
I, [2014-02-20T17:32:24.126955 #8640]  INFO -- : 0:  robeaux (0.0.4) from /home/daniel/.rvm/rubies/ruby-2.1.0/lib/ruby/gems/2.1.0/specifications/robeaux-0.0.4.gemspec
I, [2014-02-20T17:32:24.127654 #8640]  INFO -- : 0:  thor (0.18.1) from /home/daniel/.rvm/gems/ruby-2.1.0/specifications/thor-0.18.1.gemspec
I, [2014-02-20T17:32:25.904526 #8640]  INFO -- : 0:  artoo (1.6.1) from /home/daniel/.rvm/rubies/ruby-2.1.0/lib/ruby/gems/2.1.0/specifications/artoo-1.6.1.gemspec
I, [2014-02-20T17:32:27.957990 #8640]  INFO -- : 0:  sphero (1.5.0) from /home/daniel/.rvm/rubies/ruby-2.1.0/lib/ruby/gems/2.1.0/specifications/sphero-1.5.0.gemspec
I, [2014-02-20T17:32:29.873320 #8640]  INFO -- : 0:  artoo-sphero (1.3.0) from /home/daniel/.rvm/rubies/ruby-2.1.0/lib/ruby/gems/2.1.0/specifications/artoo-sphero-1.3.0.gemspec
I, [2014-02-20T17:32:29.874227 #8640]  INFO -- : 0:  bundler (1.5.0) from /home/daniel/.rvm/rubies/ruby-2.1.0/lib/ruby/gems/2.1.0/specifications/bundler-1.5.0.gemspec
I, [2014-02-20T17:42:07.741533 #9973]  INFO -- : 0:  rake (10.1.1) from /home/daniel/.rvm/gems/ruby-2.1.0/specifications/rake-10.1.1.gemspec
I, [2014-02-20T17:42:07.742248 #9973]  INFO -- : 0:  timers (1.1.0) from /home/daniel/.rvm/gems/ruby-2.1.0/specifications/timers-1.1.0.gemspec
I, [2014-02-20T17:42:07.742781 #9973]  INFO -- : 0:  celluloid (0.15.2) from /home/daniel/.rvm/gems/ruby-2.1.0/specifications/celluloid-0.15.2.gemspec
I, [2014-02-20T17:42:07.743269 #9973]  INFO -- : 0:  nio4r (1.0.0) from /home/daniel/.rvm/rubies/ruby-2.1.0/lib/ruby/gems/2.1.0/specifications/nio4r-1.0.0.gemspec
I, [2014-02-20T17:42:07.743753 #9973]  INFO -- : 0:  celluloid-io (0.15.0) from /home/daniel/.rvm/rubies/ruby-2.1.0/lib/ruby/gems/2.1.0/specifications/celluloid-io-0.15.0.gemspec
I, [2014-02-20T17:42:07.747512 #9973]  INFO -- : 0:  multi_json (1.8.4) from /home/daniel/.rvm/rubies/ruby-2.1.0/lib/ruby/gems/2.1.0/specifications/multi_json-1.8.4.gemspec
I, [2014-02-20T17:42:07.748074 #9973]  INFO -- : 0:  coderay (1.1.0) from /home/daniel/.rvm/gems/ruby-2.1.0/specifications/coderay-1.1.0.gemspec
I, [2014-02-20T17:42:07.748560 #9973]  INFO -- : 0:  method_source (0.8.2) from /home/daniel/.rvm/gems/ruby-2.1.0/specifications/method_source-0.8.2.gemspec
I, [2014-02-20T17:42:07.749035 #9973]  INFO -- : 0:  slop (3.4.7) from /home/daniel/.rvm/gems/ruby-2.1.0/specifications/slop-3.4.7.gemspec
I, [2014-02-20T17:42:07.749509 #9973]  INFO -- : 0:  pry (0.9.12.6) from /home/daniel/.rvm/rubies/ruby-2.1.0/lib/ruby/gems/2.1.0/specifications/pry-0.9.12.6.gemspec
I, [2014-02-20T17:42:07.750028 #9973]  INFO -- : 0:  http_parser.rb (0.6.0) from /home/daniel/.rvm/rubies/ruby-2.1.0/lib/ruby/gems/2.1.0/specifications/http_parser.rb-0.6.0.gemspec
I, [2014-02-20T17:42:07.750538 #9973]  INFO -- : 0:  http (0.5.0) from /home/daniel/.rvm/rubies/ruby-2.1.0/lib/ruby/gems/2.1.0/specifications/http-0.5.0.gemspec
I, [2014-02-20T17:42:07.751194 #9973]  INFO -- : 0:  websocket_parser (0.1.6) from /home/daniel/.rvm/rubies/ruby-2.1.0/lib/ruby/gems/2.1.0/specifications/websocket_parser-0.1.6.gemspec
I, [2014-02-20T17:42:07.751976 #9973]  INFO -- : 0:  reel (0.4.0) from /home/daniel/.rvm/rubies/ruby-2.1.0/lib/ruby/gems/2.1.0/specifications/reel-0.4.0.gemspec
I, [2014-02-20T17:42:07.752838 #9973]  INFO -- : 0:  robeaux (0.0.4) from /home/daniel/.rvm/rubies/ruby-2.1.0/lib/ruby/gems/2.1.0/specifications/robeaux-0.0.4.gemspec
I, [2014-02-20T17:42:07.753764 #9973]  INFO -- : 0:  thor (0.18.1) from /home/daniel/.rvm/gems/ruby-2.1.0/specifications/thor-0.18.1.gemspec
I, [2014-02-20T17:42:07.754431 #9973]  INFO -- : 0:  artoo (1.6.1) from /home/daniel/.rvm/rubies/ruby-2.1.0/lib/ruby/gems/2.1.0/specifications/artoo-1.6.1.gemspec
I, [2014-02-20T17:42:07.755055 #9973]  INFO -- : 0:  sphero (1.5.0) from /home/daniel/.rvm/rubies/ruby-2.1.0/lib/ruby/gems/2.1.0/specifications/sphero-1.5.0.gemspec
I, [2014-02-20T17:42:07.755655 #9973]  INFO -- : 0:  artoo-sphero (1.3.0) from /home/daniel/.rvm/rubies/ruby-2.1.0/lib/ruby/gems/2.1.0/specifications/artoo-sphero-1.3.0.gemspec
I, [2014-02-20T17:42:25.285371 #9973]  INFO -- : 0:  curses (1.0.0) from /home/daniel/.rvm/rubies/ruby-2.1.0/lib/ruby/gems/2.1.0/specifications/curses-1.0.0.gemspec
I, [2014-02-20T17:42:25.286963 #9973]  INFO -- : 0:  bundler (1.5.0) from /home/daniel/.rvm/rubies/ruby-2.1.0/lib/ruby/gems/2.1.0/specifications/bundler-1.5.0.gemspec
